                    startsAt  energy_øre       day
0  2025-08-06 00:00:00+02:00       -0.01     today
1  2025-08-06 01:00:00+02:00       -0.08     today
2  2025-08-06 02:00:00+02:00       -0.20     today
3  2025-08-06 03:00:00+02:00       -0.93     today
4  2025-08-06 04:00:00+02:00       -0.18     today
5  2025-08-06 05:00:00+02:00       -0.11     today
6  2025-08-06 06:00:00+02:00        0.65     today
7  2025-08-06 07:00:00+02:00        2.53     today
8  2025-08-06 08:00:00+02:00        2.60     today
9  2025-08-06 09:00:00+02:00        1.33     today
10 2025-08-06 10:00:00+02:00        0.04     today
11 2025-08-06 11:00:00+02:00       -1.13     today
12 2025-08-06 12:00:00+02:00       -2.36     today
13 2025-08-06 13:00:00+02:00       -3.35     today
14 2025-08-06 14:00:00+02:00       -2.70     today
15 2025-08-06 15:00:00+02:00       -1.18     today
16 2025-08-06 16:00:00+02:00       -0.14     today
17 2025-08-06 17:00:00+02:00        1.41     today
18 2025-08-06 18:00:00+02:00        3.07     today
19 2025-08-06 19:00:00+02:00       15.69     today
20 2025-08-06 20:00:00+02:00       18.84     today
21 2025-08-06 21:00:00+02:00       19.10     today
22 2025-08-06 22:00:00+02:00       14.36     today
23 2025-08-06 23:00:00+02:00        3.40     today
24 2025-08-07 00:00:00+02:00        0.55  tomorrow
25 2025-08-07 01:00:00+02:00        0.25  tomorrow
26 2025-08-07 02:00:00+02:00        0.16  tomorrow
27 2025-08-07 03:00:00+02:00        0.95  tomorrow
28 2025-08-07 04:00:00+02:00        1.12  tomorrow
29 2025-08-07 05:00:00+02:00        3.45  tomorrow
30 2025-08-07 06:00:00+02:00        6.32  tomorrow
31 2025-08-07 07:00:00+02:00       16.47  tomorrow
32 2025-08-07 08:00:00+02:00        5.80  tomorrow
33 2025-08-07 09:00:00+02:00       46.40  tomorrow
34 2025-08-07 10:00:00+02:00        5.99  tomorrow
35 2025-08-07 11:00:00+02:00        3.30  tomorrow
36 2025-08-07 12:00:00+02:00        1.56  tomorrow
37 2025-08-07 13:00:00+02:00        1.23  tomorrow
38 2025-08-07 14:00:00+02:00        2.61  tomorrow
39 2025-08-07 15:00:00+02:00        3.36  tomorrow
40 2025-08-07 16:00:00+02:00        5.11  tomorrow
41 2025-08-07 17:00:00+02:00       54.38  tomorrow
42 2025-08-07 18:00:00+02:00       81.63  tomorrow
43 2025-08-07 19:00:00+02:00       97.04  tomorrow
44 2025-08-07 20:00:00+02:00      100.88  tomorrow
45 2025-08-07 21:00:00+02:00      102.88  tomorrow
46 2025-08-07 22:00:00+02:00       95.60  tomorrow
47 2025-08-07 23:00:00+02:00       41.85  tomorrow
                    startsAt  energy_øre       day
0  2025-08-06 00:00:00+02:00       -0.01     today
1  2025-08-06 01:00:00+02:00       -0.08     today
2  2025-08-06 02:00:00+02:00       -0.20     today
3  2025-08-06 03:00:00+02:00       -0.93     today
4  2025-08-06 04:00:00+02:00       -0.18     today
5  2025-08-06 05:00:00+02:00       -0.11     today
6  2025-08-06 06:00:00+02:00        0.65     today
7  2025-08-06 07:00:00+02:00        2.53     today
8  2025-08-06 08:00:00+02:00        2.60     today
9  2025-08-06 09:00:00+02:00        1.33     today
10 2025-08-06 10:00:00+02:00        0.04     today
11 2025-08-06 11:00:00+02:00       -1.13     today
12 2025-08-06 12:00:00+02:00       -2.36     today
13 2025-08-06 13:00:00+02:00       -3.35     today
14 2025-08-06 14:00:00+02:00       -2.70     today
15 2025-08-06 15:00:00+02:00       -1.18     today
16 2025-08-06 16:00:00+02:00       -0.14     today
17 2025-08-06 17:00:00+02:00        1.41     today
18 2025-08-06 18:00:00+02:00        3.07     today
19 2025-08-06 19:00:00+02:00       15.69     today
20 2025-08-06 20:00:00+02:00       18.84     today
21 2025-08-06 21:00:00+02:00       19.10     today
22 2025-08-06 22:00:00+02:00       14.36     today
23 2025-08-06 23:00:00+02:00        3.40     today
24 2025-08-07 00:00:00+02:00        0.55  tomorrow
25 2025-08-07 01:00:00+02:00        0.25  tomorrow
26 2025-08-07 02:00:00+02:00        0.16  tomorrow
27 2025-08-07 03:00:00+02:00        0.95  tomorrow
28 2025-08-07 04:00:00+02:00        1.12  tomorrow
29 2025-08-07 05:00:00+02:00        3.45  tomorrow
30 2025-08-07 06:00:00+02:00        6.32  tomorrow
31 2025-08-07 07:00:00+02:00       16.47  tomorrow
32 2025-08-07 08:00:00+02:00        5.80  tomorrow
33 2025-08-07 09:00:00+02:00       46.40  tomorrow
34 2025-08-07 10:00:00+02:00        5.99  tomorrow
35 2025-08-07 11:00:00+02:00        3.30  tomorrow
36 2025-08-07 12:00:00+02:00        1.56  tomorrow
37 2025-08-07 13:00:00+02:00        1.23  tomorrow
38 2025-08-07 14:00:00+02:00        2.61  tomorrow
39 2025-08-07 15:00:00+02:00        3.36  tomorrow
40 2025-08-07 16:00:00+02:00        5.11  tomorrow
41 2025-08-07 17:00:00+02:00       54.38  tomorrow
42 2025-08-07 18:00:00+02:00       81.63  tomorrow
43 2025-08-07 19:00:00+02:00       97.04  tomorrow
44 2025-08-07 20:00:00+02:00      100.88  tomorrow
45 2025-08-07 21:00:00+02:00      102.88  tomorrow
46 2025-08-07 22:00:00+02:00       95.60  tomorrow
47 2025-08-07 23:00:00+02:00       41.85  tomorrow
                    startsAt  energy_øre       day
0  2025-08-06 00:00:00+02:00       -0.01     today
1  2025-08-06 01:00:00+02:00       -0.08     today
2  2025-08-06 02:00:00+02:00       -0.20     today
3  2025-08-06 03:00:00+02:00       -0.93     today
4  2025-08-06 04:00:00+02:00       -0.18     today
5  2025-08-06 05:00:00+02:00       -0.11     today
6  2025-08-06 06:00:00+02:00        0.65     today
7  2025-08-06 07:00:00+02:00        2.53     today
8  2025-08-06 08:00:00+02:00        2.60     today
9  2025-08-06 09:00:00+02:00        1.33     today
10 2025-08-06 10:00:00+02:00        0.04     today
11 2025-08-06 11:00:00+02:00       -1.13     today
12 2025-08-06 12:00:00+02:00       -2.36     today
13 2025-08-06 13:00:00+02:00       -3.35     today
14 2025-08-06 14:00:00+02:00       -2.70     today
15 2025-08-06 15:00:00+02:00       -1.18     today
16 2025-08-06 16:00:00+02:00       -0.14     today
17 2025-08-06 17:00:00+02:00        1.41     today
18 2025-08-06 18:00:00+02:00        3.07     today
19 2025-08-06 19:00:00+02:00       15.69     today
20 2025-08-06 20:00:00+02:00       18.84     today
21 2025-08-06 21:00:00+02:00       19.10     today
22 2025-08-06 22:00:00+02:00       14.36     today
23 2025-08-06 23:00:00+02:00        3.40     today
24 2025-08-07 00:00:00+02:00        0.55  tomorrow
25 2025-08-07 01:00:00+02:00        0.25  tomorrow
26 2025-08-07 02:00:00+02:00        0.16  tomorrow
27 2025-08-07 03:00:00+02:00        0.95  tomorrow
28 2025-08-07 04:00:00+02:00        1.12  tomorrow
29 2025-08-07 05:00:00+02:00        3.45  tomorrow
30 2025-08-07 06:00:00+02:00        6.32  tomorrow
31 2025-08-07 07:00:00+02:00       16.47  tomorrow
32 2025-08-07 08:00:00+02:00        5.80  tomorrow
33 2025-08-07 09:00:00+02:00       46.40  tomorrow
34 2025-08-07 10:00:00+02:00        5.99  tomorrow
35 2025-08-07 11:00:00+02:00        3.30  tomorrow
36 2025-08-07 12:00:00+02:00        1.56  tomorrow
37 2025-08-07 13:00:00+02:00        1.23  tomorrow
38 2025-08-07 14:00:00+02:00        2.61  tomorrow
39 2025-08-07 15:00:00+02:00        3.36  tomorrow
40 2025-08-07 16:00:00+02:00        5.11  tomorrow
41 2025-08-07 17:00:00+02:00       54.38  tomorrow
42 2025-08-07 18:00:00+02:00       81.63  tomorrow
43 2025-08-07 19:00:00+02:00       97.04  tomorrow
44 2025-08-07 20:00:00+02:00      100.88  tomorrow
45 2025-08-07 21:00:00+02:00      102.88  tomorrow
46 2025-08-07 22:00:00+02:00       95.60  tomorrow
47 2025-08-07 23:00:00+02:00       41.85  tomorrow
                    startsAt  energy_øre       day
0  2025-08-06 00:00:00+02:00       -0.01     today
1  2025-08-06 01:00:00+02:00       -0.08     today
2  2025-08-06 02:00:00+02:00       -0.20     today
3  2025-08-06 03:00:00+02:00       -0.93     today
4  2025-08-06 04:00:00+02:00       -0.18     today
5  2025-08-06 05:00:00+02:00       -0.11     today
6  2025-08-06 06:00:00+02:00        0.65     today
7  2025-08-06 07:00:00+02:00        2.53     today
8  2025-08-06 08:00:00+02:00        2.60     today
9  2025-08-06 09:00:00+02:00        1.33     today
10 2025-08-06 10:00:00+02:00        0.04     today
11 2025-08-06 11:00:00+02:00       -1.13     today
12 2025-08-06 12:00:00+02:00       -2.36     today
13 2025-08-06 13:00:00+02:00       -3.35     today
14 2025-08-06 14:00:00+02:00       -2.70     today
15 2025-08-06 15:00:00+02:00       -1.18     today
16 2025-08-06 16:00:00+02:00       -0.14     today
17 2025-08-06 17:00:00+02:00        1.41     today
18 2025-08-06 18:00:00+02:00        3.07     today
19 2025-08-06 19:00:00+02:00       15.69     today
20 2025-08-06 20:00:00+02:00       18.84     today
21 2025-08-06 21:00:00+02:00       19.10     today
22 2025-08-06 22:00:00+02:00       14.36     today
23 2025-08-06 23:00:00+02:00        3.40     today
24 2025-08-07 00:00:00+02:00        0.55  tomorrow
25 2025-08-07 01:00:00+02:00        0.25  tomorrow
26 2025-08-07 02:00:00+02:00        0.16  tomorrow
27 2025-08-07 03:00:00+02:00        0.95  tomorrow
28 2025-08-07 04:00:00+02:00        1.12  tomorrow
29 2025-08-07 05:00:00+02:00        3.45  tomorrow
30 2025-08-07 06:00:00+02:00        6.32  tomorrow
31 2025-08-07 07:00:00+02:00       16.47  tomorrow
32 2025-08-07 08:00:00+02:00        5.80  tomorrow
33 2025-08-07 09:00:00+02:00       46.40  tomorrow
34 2025-08-07 10:00:00+02:00        5.99  tomorrow
35 2025-08-07 11:00:00+02:00        3.30  tomorrow
36 2025-08-07 12:00:00+02:00        1.56  tomorrow
37 2025-08-07 13:00:00+02:00        1.23  tomorrow
38 2025-08-07 14:00:00+02:00        2.61  tomorrow
39 2025-08-07 15:00:00+02:00        3.36  tomorrow
40 2025-08-07 16:00:00+02:00        5.11  tomorrow
41 2025-08-07 17:00:00+02:00       54.38  tomorrow
42 2025-08-07 18:00:00+02:00       81.63  tomorrow
43 2025-08-07 19:00:00+02:00       97.04  tomorrow
44 2025-08-07 20:00:00+02:00      100.88  tomorrow
45 2025-08-07 21:00:00+02:00      102.88  tomorrow
46 2025-08-07 22:00:00+02:00       95.60  tomorrow
47 2025-08-07 23:00:00+02:00       41.85  tomorrow
                    startsAt  energy_øre       day
0  2025-08-06 00:00:00+02:00       -0.01     today
1  2025-08-06 01:00:00+02:00       -0.08     today
2  2025-08-06 02:00:00+02:00       -0.20     today
3  2025-08-06 03:00:00+02:00       -0.93     today
4  2025-08-06 04:00:00+02:00       -0.18     today
5  2025-08-06 05:00:00+02:00       -0.11     today
6  2025-08-06 06:00:00+02:00        0.65     today
7  2025-08-06 07:00:00+02:00        2.53     today
8  2025-08-06 08:00:00+02:00        2.60     today
9  2025-08-06 09:00:00+02:00        1.33     today
10 2025-08-06 10:00:00+02:00        0.04     today
11 2025-08-06 11:00:00+02:00       -1.13     today
12 2025-08-06 12:00:00+02:00       -2.36     today
13 2025-08-06 13:00:00+02:00       -3.35     today
14 2025-08-06 14:00:00+02:00       -2.70     today
15 2025-08-06 15:00:00+02:00       -1.18     today
16 2025-08-06 16:00:00+02:00       -0.14     today
17 2025-08-06 17:00:00+02:00        1.41     today
18 2025-08-06 18:00:00+02:00        3.07     today
19 2025-08-06 19:00:00+02:00       15.69     today
20 2025-08-06 20:00:00+02:00       18.84     today
21 2025-08-06 21:00:00+02:00       19.10     today
22 2025-08-06 22:00:00+02:00       14.36     today
23 2025-08-06 23:00:00+02:00        3.40     today
24 2025-08-07 00:00:00+02:00        0.55  tomorrow
25 2025-08-07 01:00:00+02:00        0.25  tomorrow
26 2025-08-07 02:00:00+02:00        0.16  tomorrow
27 2025-08-07 03:00:00+02:00        0.95  tomorrow
28 2025-08-07 04:00:00+02:00        1.12  tomorrow
29 2025-08-07 05:00:00+02:00        3.45  tomorrow
30 2025-08-07 06:00:00+02:00        6.32  tomorrow
31 2025-08-07 07:00:00+02:00       16.47  tomorrow
32 2025-08-07 08:00:00+02:00        5.80  tomorrow
33 2025-08-07 09:00:00+02:00       46.40  tomorrow
34 2025-08-07 10:00:00+02:00        5.99  tomorrow
35 2025-08-07 11:00:00+02:00        3.30  tomorrow
36 2025-08-07 12:00:00+02:00        1.56  tomorrow
37 2025-08-07 13:00:00+02:00        1.23  tomorrow
38 2025-08-07 14:00:00+02:00        2.61  tomorrow
39 2025-08-07 15:00:00+02:00        3.36  tomorrow
40 2025-08-07 16:00:00+02:00        5.11  tomorrow
41 2025-08-07 17:00:00+02:00       54.38  tomorrow
42 2025-08-07 18:00:00+02:00       81.63  tomorrow
43 2025-08-07 19:00:00+02:00       97.04  tomorrow
44 2025-08-07 20:00:00+02:00      100.88  tomorrow
45 2025-08-07 21:00:00+02:00      102.88  tomorrow
46 2025-08-07 22:00:00+02:00       95.60  tomorrow
47 2025-08-07 23:00:00+02:00       41.85  tomorrow
